<?xml version="1.0" encoding="UTF-8"?>
<testsuite name="ApplicationTests.Model.SongTest" tests="1" skipped="0" failures="0" errors="0" timestamp="2025-05-16T13:53:11.873Z" hostname="Diogo-Predator" time="0.001">
  <properties/>
  <testcase name="songTest()" classname="ApplicationTests.Model.SongTest" time="0.001"/>
  <system-out><![CDATA[]]></system-out>
  <system-err><![CDATA[]]></system-err>
</testsuite>
