<?xml version="1.0" encoding="UTF-8"?>
<testsuite name="ApplicationTests.AppTest" tests="1" skipped="0" failures="0" errors="0" timestamp="2025-05-16T13:53:11.850Z" hostname="Diogo-Predator" time="0.007">
  <properties/>
  <testcase name="testMain()" classname="ApplicationTests.AppTest" time="0.007"/>
  <system-out><![CDATA[]]></system-out>
  <system-err><![CDATA[]]></system-err>
</testsuite>
