<?xml version="1.0" encoding="UTF-8"?>
<testsuite name="ApplicationTests.Model.UserTest" tests="1" skipped="0" failures="0" errors="0" timestamp="2025-05-16T13:53:11.811Z" hostname="Diogo-Predator" time="0.032">
  <properties/>
  <testcase name="userTest()" classname="ApplicationTests.Model.UserTest" time="0.032"/>
  <system-out><![CDATA[]]></system-out>
  <system-err><![CDATA[]]></system-err>
</testsuite>
